This is pdfTeX, Version 3.141592653-2.6-1.40.26 (TeX Live 2024/Arch Linux) (preloaded format=pdflatex 2024.12.23)  23 DEC 2024 14:12
entering extended mode
 restricted \write18 enabled.
 file:line:error style messages enabled.
 %&-line parsing enabled.
**"/home/oleg/–†–∞–±–æ—á–∏–π —Å—Ç–æ–ª/ConAss/latex/preamble.tex"
(/home/oleg/–†–∞–±–æ—á–∏–π —Å—Ç–æ–ª/ConAss/latex/preamble.tex
LaTeX2e <2023-11-01> patch level 1
L3 programming layer <2024-02-20>

/home/oleg/–†–∞–±–æ—á–∏–π —Å—Ç–æ–ª/ConAss/latex/preamble.tex:2: LaTeX Error: \usepackage before \documentclass.

See the LaTeX manual or LaTeX Companion for explanation.
Type  H <return>  for immediate help.
 ...                                              
                                                  
l.2 \usepackage[english, russian]{
                                  babel}
\usepackage may only appear in the document preamble, i.e.,
between \documentclass and \begin{document}.


/home/oleg/–†–∞–±–æ—á–∏–π —Å—Ç–æ–ª/ConAss/latex/preamble.tex:3: LaTeX Error: \usepackage before \documentclass.

See the LaTeX manual or LaTeX Companion for explanation.
Type  H <return>  for immediate help.
 ...                                              
                                                  
l.3 \usepackage[T2A]{
                     fontenc}
\usepackage may only appear in the document preamble, i.e.,
between \documentclass and \begin{document}.


/home/oleg/–†–∞–±–æ—á–∏–π —Å—Ç–æ–ª/ConAss/latex/preamble.tex:4: LaTeX Error: \usepackage before \documentclass.

See the LaTeX manual or LaTeX Companion for explanation.
Type  H <return>  for immediate help.
 ...                                              
                                                  
l.4 \usepackage[utf8]{
                      inputenc}
\usepackage may only appear in the document preamble, i.e.,
between \documentclass and \begin{document}.


/home/oleg/–†–∞–±–æ—á–∏–π —Å—Ç–æ–ª/ConAss/latex/preamble.tex:6: LaTeX Error: \usepackage before \documentclass.

See the LaTeX manual or LaTeX Companion for explanation.
Type  H <return>  for immediate help.
 ...                                              
                                                  
l.6 \usepackage{
                amsmath}
\usepackage may only appear in the document preamble, i.e.,
between \documentclass and \begin{document}.


/home/oleg/–†–∞–±–æ—á–∏–π —Å—Ç–æ–ª/ConAss/latex/preamble.tex:7: LaTeX Error: \usepackage before \documentclass.

See the LaTeX manual or LaTeX Companion for explanation.
Type  H <return>  for immediate help.
 ...                                              
                                                  
l.7 \usepackage{
                amsfonts}
\usepackage may only appear in the document preamble, i.e.,
between \documentclass and \begin{document}.


/home/oleg/–†–∞–±–æ—á–∏–π —Å—Ç–æ–ª/ConAss/latex/preamble.tex:8: LaTeX Error: \usepackage before \documentclass.

See the LaTeX manual or LaTeX Companion for explanation.
Type  H <return>  for immediate help.
 ...                                              
                                                  
l.8 \usepackage{
                amssymb}
\usepackage may only appear in the document preamble, i.e.,
between \documentclass and \begin{document}.


/home/oleg/–†–∞–±–æ—á–∏–π —Å—Ç–æ–ª/ConAss/latex/preamble.tex:9: LaTeX Error: \usepackage before \documentclass.

See the LaTeX manual or LaTeX Companion for explanation.
Type  H <return>  for immediate help.
 ...                                              
                                                  
l.9 \usepackage{
                mathtools}
\usepackage may only appear in the document preamble, i.e.,
between \documentclass and \begin{document}.


/home/oleg/–†–∞–±–æ—á–∏–π —Å—Ç–æ–ª/ConAss/latex/preamble.tex:10: LaTeX Error: \usepackage before \documentclass.

See the LaTeX manual or LaTeX Companion for explanation.
Type  H <return>  for immediate help.
 ...                                              
                                                  
l.10 \usepackage{
                 amsthm}
\usepackage may only appear in the document preamble, i.e.,
between \documentclass and \begin{document}.

/home/oleg/–†–∞–±–æ—á–∏–π —Å—Ç–æ–ª/ConAss/latex/preamble.tex:12: Undefined control sequence.
l.12 \theoremstyle
                  {plain}
The control sequence at the end of the top line
of your error message was never \def'ed. If you have
misspelled it (e.g., `\hobx'), type `I' and the correct
spelling (e.g., `I\hbox'). Otherwise just continue,
and I'll forget about whatever was undefined.


/home/oleg/–†–∞–±–æ—á–∏–π —Å—Ç–æ–ª/ConAss/latex/preamble.tex:12: LaTeX Error: Missing \begin{document}.

See the LaTeX manual or LaTeX Companion for explanation.
Type  H <return>  for immediate help.
 ...                                              
                                                  
l.12 \theoremstyle{p
                    lain}
You're in trouble here.  Try typing  <return>  to proceed.
If that doesn't work, type  X <return>  to quit.

Missing character: There is no p in font nullfont!
Missing character: There is no l in font nullfont!
Missing character: There is no a in font nullfont!
Missing character: There is no i in font nullfont!
Missing character: There is no n in font nullfont!
\c@theorem=\count188
\c@lemma=\count189

Overfull \hbox (20.0pt too wide) in paragraph at lines 12--15
[] 
 []


/home/oleg/–†–∞–±–æ—á–∏–π —Å—Ç–æ–ª/ConAss/latex/preamble.tex:16: LaTeX Error: \usepackage before \documentclass.

See the LaTeX manual or LaTeX Companion for explanation.
Type  H <return>  for immediate help.
 ...                                              
                                                  
l.16 \usepackage{
                 indentfirst}
\usepackage may only appear in the document preamble, i.e.,
between \documentclass and \begin{document}.


/home/oleg/–†–∞–±–æ—á–∏–π —Å—Ç–æ–ª/ConAss/latex/preamble.tex:17: LaTeX Error: \usepackage before \documentclass.

See the LaTeX manual or LaTeX Companion for explanation.
Type  H <return>  for immediate help.
 ...                                              
                                                  
l.17 \usepackage{
                 soulutf8}
\usepackage may only appear in the document preamble, i.e.,
between \documentclass and \begin{document}.


/home/oleg/–†–∞–±–æ—á–∏–π —Å—Ç–æ–ª/ConAss/latex/preamble.tex:18: LaTeX Error: \usepackage before \documentclass.

See the LaTeX manual or LaTeX Companion for explanation.
Type  H <return>  for immediate help.
 ...                                              
                                                  
l.18 \usepackage{
                 amsfonts, amssymb}
\usepackage may only appear in the document preamble, i.e.,
between \documentclass and \begin{document}.


/home/oleg/–†–∞–±–æ—á–∏–π —Å—Ç–æ–ª/ConAss/latex/preamble.tex:20: LaTeX Error: \usepackage before \documentclass.

See the LaTeX manual or LaTeX Companion for explanation.
Type  H <return>  for immediate help.
 ...                                              
                                                  
l.20 \usepackage{
                 geometry}
\usepackage may only appear in the document preamble, i.e.,
between \documentclass and \begin{document}.

/home/oleg/–†–∞–±–æ—á–∏–π —Å—Ç–æ–ª/ConAss/latex/preamble.tex:21: Undefined control sequence.
l.21 \geometry
              {top=25mm}
The control sequence at the end of the top line
of your error message was never \def'ed. If you have
misspelled it (e.g., `\hobx'), type `I' and the correct
spelling (e.g., `I\hbox'). Otherwise just continue,
and I'll forget about whatever was undefined.


/home/oleg/–†–∞–±–æ—á–∏–π —Å—Ç–æ–ª/ConAss/latex/preamble.tex:21: LaTeX Error: Missing \begin{document}.

See the LaTeX manual or LaTeX Companion for explanation.
Type  H <return>  for immediate help.
 ...                                              
                                                  
l.21 \geometry{t
                op=25mm}
You're in trouble here.  Try typing  <return>  to proceed.
If that doesn't work, type  X <return>  to quit.

Missing character: There is no t in font nullfont!
Missing character: There is no o in font nullfont!
Missing character: There is no p in font nullfont!
Missing character: There is no = in font nullfont!
Missing character: There is no 2 in font nullfont!
Missing character: There is no 5 in font nullfont!
Missing character: There is no m in font nullfont!
Missing character: There is no m in font nullfont!
/home/oleg/–†–∞–±–æ—á–∏–π —Å—Ç–æ–ª/ConAss/latex/preamble.tex:22: Undefined control sequence.
l.22 \geometry
              {bottom=30mm}
The control sequence at the end of the top line
of your error message was never \def'ed. If you have
misspelled it (e.g., `\hobx'), type `I' and the correct
spelling (e.g., `I\hbox'). Otherwise just continue,
and I'll forget about whatever was undefined.

Missing character: There is no b in font nullfont!
Missing character: There is no o in font nullfont!
Missing character: There is no t in font nullfont!
Missing character: There is no t in font nullfont!
Missing character: There is no o in font nullfont!
Missing character: There is no m in font nullfont!
Missing character: There is no = in font nullfont!
Missing character: There is no 3 in font nullfont!
Missing character: There is no 0 in font nullfont!
Missing character: There is no m in font nullfont!
Missing character: There is no m in font nullfont!
/home/oleg/–†–∞–±–æ—á–∏–π —Å—Ç–æ–ª/ConAss/latex/preamble.tex:23: Undefined control sequence.
l.23 \geometry
              {left=20mm}
The control sequence at the end of the top line
of your error message was never \def'ed. If you have
misspelled it (e.g., `\hobx'), type `I' and the correct
spelling (e.g., `I\hbox'). Otherwise just continue,
and I'll forget about whatever was undefined.

Missing character: There is no l in font nullfont!
Missing character: There is no e in font nullfont!
Missing character: There is no f in font nullfont!
Missing character: There is no t in font nullfont!
Missing character: There is no = in font nullfont!
Missing character: There is no 2 in font nullfont!
Missing character: There is no 0 in font nullfont!
Missing character: There is no m in font nullfont!
Missing character: There is no m in font nullfont!
/home/oleg/–†–∞–±–æ—á–∏–π —Å—Ç–æ–ª/ConAss/latex/preamble.tex:24: Undefined control sequence.
l.24 \geometry
              {right=20mm}
The control sequence at the end of the top line
of your error message was never \def'ed. If you have
misspelled it (e.g., `\hobx'), type `I' and the correct
spelling (e.g., `I\hbox'). Otherwise just continue,
and I'll forget about whatever was undefined.

Missing character: There is no r in font nullfont!
Missing character: There is no i in font nullfont!
Missing character: There is no g in font nullfont!
Missing character: There is no h in font nullfont!
Missing character: There is no t in font nullfont!
Missing character: There is no = in font nullfont!
Missing character: There is no 2 in font nullfont!
Missing character: There is no 0 in font nullfont!
Missing character: There is no m in font nullfont!
Missing character: There is no m in font nullfont!

Overfull \hbox (20.0pt too wide) in paragraph at lines 21--25
[]
 []


/home/oleg/–†–∞–±–æ—á–∏–π —Å—Ç–æ–ª/ConAss/latex/preamble.tex:26: LaTeX Error: \usepackage before \documentclass.

See the LaTeX manual or LaTeX Companion for explanation.
Type  H <return>  for immediate help.
 ...                                              
                                                  
l.26 \usepackage{
                 titleps}
\usepackage may only appear in the document preamble, i.e.,
between \documentclass and \begin{document}.


/home/oleg/–†–∞–±–æ—á–∏–π —Å—Ç–æ–ª/ConAss/latex/preamble.tex:28: LaTeX Error: \usepackage before \documentclass.

See the LaTeX manual or LaTeX Companion for explanation.
Type  H <return>  for immediate help.
 ...                                              
                                                  
l.28 \usepackage{
                 booktabs}
\usepackage may only appear in the document preamble, i.e.,
between \documentclass and \begin{document}.

/home/oleg/–†–∞–±–æ—á–∏–π —Å—Ç–æ–ª/ConAss/latex/preamble.tex:30: Undefined control sequence.
l.30 \newpagestyle
                  {main}{
The control sequence at the end of the top line
of your error message was never \def'ed. If you have
misspelled it (e.g., `\hobx'), type `I' and the correct
spelling (e.g., `I\hbox'). Otherwise just continue,
and I'll forget about whatever was undefined.


/home/oleg/–†–∞–±–æ—á–∏–π —Å—Ç–æ–ª/ConAss/latex/preamble.tex:30: LaTeX Error: Missing \begin{document}.

See the LaTeX manual or LaTeX Companion for explanation.
Type  H <return>  for immediate help.
 ...                                              
                                                  
l.30 \newpagestyle{m
                    ain}{
You're in trouble here.  Try typing  <return>  to proceed.
If that doesn't work, type  X <return>  to quit.

Missing character: There is no m in font nullfont!
Missing character: There is no a in font nullfont!
Missing character: There is no i in font nullfont!
Missing character: There is no n in font nullfont!
/home/oleg/–†–∞–±–æ—á–∏–π —Å—Ç–æ–ª/ConAss/latex/preamble.tex:31: Undefined control sequence.
l.31     \setheadrule
                     {0.4pt}
The control sequence at the end of the top line
of your error message was never \def'ed. If you have
misspelled it (e.g., `\hobx'), type `I' and the correct
spelling (e.g., `I\hbox'). Otherwise just continue,
and I'll forget about whatever was undefined.

Missing character: There is no 0 in font nullfont!
Missing character: There is no . in font nullfont!
Missing character: There is no 4 in font nullfont!
Missing character: There is no p in font nullfont!
Missing character: There is no t in font nullfont!
/home/oleg/–†–∞–±–æ—á–∏–π —Å—Ç–æ–ª/ConAss/latex/preamble.tex:32: Undefined control sequence.
l.32     \sethead
                 {}{}{}
The control sequence at the end of the top line
of your error message was never \def'ed. If you have
misspelled it (e.g., `\hobx'), type `I' and the correct
spelling (e.g., `I\hbox'). Otherwise just continue,
and I'll forget about whatever was undefined.

/home/oleg/–†–∞–±–æ—á–∏–π —Å—Ç–æ–ª/ConAss/latex/preamble.tex:33: Undefined control sequence.
l.33     \setfootrule
                     {0.4pt}
The control sequence at the end of the top line
of your error message was never \def'ed. If you have
misspelled it (e.g., `\hobx'), type `I' and the correct
spelling (e.g., `I\hbox'). Otherwise just continue,
and I'll forget about whatever was undefined.

Missing character: There is no 0 in font nullfont!
Missing character: There is no . in font nullfont!
Missing character: There is no 4 in font nullfont!
Missing character: There is no p in font nullfont!
Missing character: There is no t in font nullfont!
/home/oleg/–†–∞–±–æ—á–∏–π —Å—Ç–æ–ª/ConAss/latex/preamble.tex:34: Undefined control sequence.
l.34     \setfoot
                 {}{\thepage}{}
The control sequence at the end of the top line
of your error message was never \def'ed. If you have
misspelled it (e.g., `\hobx'), type `I' and the correct
spelling (e.g., `I\hbox'). Otherwise just continue,
and I'll forget about whatever was undefined.

/home/oleg/–†–∞–±–æ—á–∏–π —Å—Ç–æ–ª/ConAss/latex/preamble.tex:34: Undefined control sequence.
l.34     \setfoot{}{\thepage
                            }{}
The control sequence at the end of the top line
of your error message was never \def'ed. If you have
misspelled it (e.g., `\hobx'), type `I' and the correct
spelling (e.g., `I\hbox'). Otherwise just continue,
and I'll forget about whatever was undefined.


Overfull \hbox (20.0pt too wide) in paragraph at lines 30--36
[]
 []

)
! Emergency stop.
<*> ...æ—á–∏–π —Å—Ç–æ–ª/ConAss/latex/preamble.tex"
                                                  
*** (job aborted, no legal \end found)

 
Here is how much of TeX's memory you used:
 30 strings out of 476076
 648 string characters out of 5793774
 1925187 words of memory out of 5000000
 22236 multiletter control sequences out of 15000+600000
 558069 words of font info for 36 fonts, out of 8000000 for 9000
 14 hyphenation exceptions out of 8191
 15i,0n,20p,165b,18s stack positions out of 10000i,1000n,20000p,200000b,200000s
!  ==> Fatal error occurred, no output PDF file produced!
